<?xml version="1.0" encoding="UTF-8"?>
<!-- Generated by org.testng.reporters.JUnitReportReporter -->
<testsuite skipped="0" hostname="LAPTOP-G176N8GQ" name="com.xyz.testsuite.BankTest" tests="5" failures="0" timestamp="2022-12-13T19:45:58 GMT" time="34.635" errors="1">
  <testcase name="bankManagerShouldOpenAccountSuccessfully" time="7.044" classname="com.xyz.testsuite.BankTest"/>
  <system-out>
    <![CDATA[Click on bank manager login link[[ChromeDriver: chrome on WINDOWS (044cb149414d76c774e347e0bf7a5905)] -> xpath: //button[text()='Bank Manager Login']]
CLick on add customer tab[[ChromeDriver: chrome on WINDOWS (044cb149414d76c774e347e0bf7a5905)] -> xpath: //button[contains(text(),'Add Customer')]]
Enter first name [[ChromeDriver: chrome on WINDOWS (044cb149414d76c774e347e0bf7a5905)] -> xpath: //div[1]/input[1]]
Enter last name[[ChromeDriver: chrome on WINDOWS (044cb149414d76c774e347e0bf7a5905)] -> xpath: //input[@ng-model='lName']]
Enter postcode[[ChromeDriver: chrome on WINDOWS (044cb149414d76c774e347e0bf7a5905)] -> xpath: //input[@ng-model='postCd']]
Click on add to customer button[[ChromeDriver: chrome on WINDOWS (044cb149414d76c774e347e0bf7a5905)] -> xpath: //button[@type='submit']]
Get the text from alert
Click on ok button in alert
Click on open account tab[[ChromeDriver: chrome on WINDOWS (044cb149414d76c774e347e0bf7a5905)] -> xpath: //button[contains(text(),'Open Account')]]
Search customer name[[ChromeDriver: chrome on WINDOWS (044cb149414d76c774e347e0bf7a5905)] -> id: userSelect]
Select currency from dropdown[[ChromeDriver: chrome on WINDOWS (044cb149414d76c774e347e0bf7a5905)] -> id: currency]
Click on process button[[ChromeDriver: chrome on WINDOWS (044cb149414d76c774e347e0bf7a5905)] -> xpath: //button[contains(text(),'Process')]]
Get text from alert
CLick on ok in alert]]>
  </system-out>
  <testcase name="customerShouldDepositMoneySuccessfully" time="5.904" classname="com.xyz.testsuite.BankTest"/>
  <system-out>
    <![CDATA[Click on bank manager login link[[ChromeDriver: chrome on WINDOWS (a7f9771cbc7bbbe4e289bc176a4b62fa)] -> xpath: //button[text()='Bank Manager Login']]
CLick on add customer tab[[ChromeDriver: chrome on WINDOWS (a7f9771cbc7bbbe4e289bc176a4b62fa)] -> xpath: //button[contains(text(),'Add Customer')]]
Enter first name [[ChromeDriver: chrome on WINDOWS (a7f9771cbc7bbbe4e289bc176a4b62fa)] -> xpath: //div[1]/input[1]]
Enter last name[[ChromeDriver: chrome on WINDOWS (a7f9771cbc7bbbe4e289bc176a4b62fa)] -> xpath: //input[@ng-model='lName']]
Enter postcode[[ChromeDriver: chrome on WINDOWS (a7f9771cbc7bbbe4e289bc176a4b62fa)] -> xpath: //input[@ng-model='postCd']]
Click on add to customer button[[ChromeDriver: chrome on WINDOWS (a7f9771cbc7bbbe4e289bc176a4b62fa)] -> xpath: //button[@type='submit']]
Get the text from alert
Click on ok button in alert
Click on open account tab[[ChromeDriver: chrome on WINDOWS (a7f9771cbc7bbbe4e289bc176a4b62fa)] -> xpath: //button[contains(text(),'Open Account')]]
Search customer name[[ChromeDriver: chrome on WINDOWS (a7f9771cbc7bbbe4e289bc176a4b62fa)] -> id: userSelect]
Select currency from dropdown[[ChromeDriver: chrome on WINDOWS (a7f9771cbc7bbbe4e289bc176a4b62fa)] -> id: currency]
Click on process button[[ChromeDriver: chrome on WINDOWS (a7f9771cbc7bbbe4e289bc176a4b62fa)] -> xpath: //button[contains(text(),'Process')]]
Get text from alert
CLick on ok in alert
Click on home button[[ChromeDriver: chrome on WINDOWS (a7f9771cbc7bbbe4e289bc176a4b62fa)] -> xpath: //button[text()='Home']]
Click on customer login link[[ChromeDriver: chrome on WINDOWS (a7f9771cbc7bbbe4e289bc176a4b62fa)] -> xpath: //button[contains(text(),'Customer Login')]]
Select your name[[ChromeDriver: chrome on WINDOWS (a7f9771cbc7bbbe4e289bc176a4b62fa)] -> id: userSelect]
Click on login button[[ChromeDriver: chrome on WINDOWS (a7f9771cbc7bbbe4e289bc176a4b62fa)] -> xpath: //button[text()='Login']]
Click on deposit tab[[ChromeDriver: chrome on WINDOWS (a7f9771cbc7bbbe4e289bc176a4b62fa)] -> xpath: //button[contains(text(),'Deposit')]]
Enter amount[[ChromeDriver: chrome on WINDOWS (a7f9771cbc7bbbe4e289bc176a4b62fa)] -> xpath: //input[@ng-model='amount']]
Click on deposit button[[ChromeDriver: chrome on WINDOWS (a7f9771cbc7bbbe4e289bc176a4b62fa)] -> xpath: //button[text()='Deposit']]
Get deposit successful message[[ChromeDriver: chrome on WINDOWS (a7f9771cbc7bbbe4e289bc176a4b62fa)] -> xpath: //span[text()='Deposit Successful']]]]>
  </system-out>
  <testcase name="customerShouldWithdrawMoneySuccessfully" time="6.205" classname="com.xyz.testsuite.BankTest">
    <error type="org.openqa.selenium.StaleElementReferenceException" message="stale element reference: element is not attached to the page document
  (Session info: chrome=108.0.5359.99)
For documentation on this error, please visit: https://selenium.dev/exceptions/#stale_element_reference
Build info: version: &#039;4.6.0&#039;, revision: &#039;79f1c02ae20&#039;
System info: os.name: &#039;Windows 10&#039;, os.arch: &#039;amd64&#039;, os.version: &#039;10.0&#039;, java.version: &#039;1.8.0_121&#039;
Driver info: org.openqa.selenium.chrome.ChromeDriver
Command: [830cabbf9c95d52179daefd53fee689f, clickElement {id=996ba04c-dc93-48b6-bd5e-d135f917a14c}]
Capabilities {acceptInsecureCerts: false, browserName: chrome, browserVersion: 108.0.5359.99, chrome: {chromedriverVersion: 108.0.5359.71 (1e0e3868ee06..., userDataDir: C:\Users\RAJ\AppData\Local\...}, goog:chromeOptions: {debuggerAddress: localhost:61740}, networkConnectionEnabled: false, pageLoadStrategy: normal, platformName: WINDOWS, proxy: Proxy(), se:cdp: ws://localhost:61740/devtoo..., se:cdpVersion: 108.0.5359.99, setWindowRect: true, strictFileInteractability: false, timeouts: {implicit: 0, pageLoad: 300000, script: 30000}, unhandledPromptBehavior: dismiss and notify, webauthn:extension:credBlob: true, webauthn:extension:largeBlob: true, webauthn:virtualAuthenticators: true}
Element: [[ChromeDriver: chrome on WINDOWS (830cabbf9c95d52179daefd53fee689f)] -&gt; xpath: //button[contains(text(),&#039;Customer Login&#039;)]]
Session ID: 830cabbf9c95d52179daefd53fee689f">
      <![CDATA[org.openqa.selenium.StaleElementReferenceException: stale element reference: element is not attached to the page document
  (Session info: chrome=108.0.5359.99)
For documentation on this error, please visit: https://selenium.dev/exceptions/#stale_element_reference
Build info: version: '4.6.0', revision: '79f1c02ae20'
System info: os.name: 'Windows 10', os.arch: 'amd64', os.version: '10.0', java.version: '1.8.0_121'
Driver info: org.openqa.selenium.chrome.ChromeDriver
Command: [830cabbf9c95d52179daefd53fee689f, clickElement {id=996ba04c-dc93-48b6-bd5e-d135f917a14c}]
Capabilities {acceptInsecureCerts: false, browserName: chrome, browserVersion: 108.0.5359.99, chrome: {chromedriverVersion: 108.0.5359.71 (1e0e3868ee06..., userDataDir: C:\Users\RAJ\AppData\Local\...}, goog:chromeOptions: {debuggerAddress: localhost:61740}, networkConnectionEnabled: false, pageLoadStrategy: normal, platformName: WINDOWS, proxy: Proxy(), se:cdp: ws://localhost:61740/devtoo..., se:cdpVersion: 108.0.5359.99, setWindowRect: true, strictFileInteractability: false, timeouts: {implicit: 0, pageLoad: 300000, script: 30000}, unhandledPromptBehavior: dismiss and notify, webauthn:extension:credBlob: true, webauthn:extension:largeBlob: true, webauthn:virtualAuthenticators: true}
Element: [[ChromeDriver: chrome on WINDOWS (830cabbf9c95d52179daefd53fee689f)] -> xpath: //button[contains(text(),'Customer Login')]]
Session ID: 830cabbf9c95d52179daefd53fee689f
at sun.reflect.NativeConstructorAccessorImpl.newInstance0(Native Method)
at sun.reflect.NativeConstructorAccessorImpl.newInstance(NativeConstructorAccessorImpl.java:62)
at sun.reflect.DelegatingConstructorAccessorImpl.newInstance(DelegatingConstructorAccessorImpl.java:45)
at java.lang.reflect.Constructor.newInstance(Constructor.java:423)
at org.openqa.selenium.remote.codec.w3c.W3CHttpResponseCodec.createException(W3CHttpResponseCodec.java:200)
at org.openqa.selenium.remote.codec.w3c.W3CHttpResponseCodec.decode(W3CHttpResponseCodec.java:133)
at org.openqa.selenium.remote.codec.w3c.W3CHttpResponseCodec.decode(W3CHttpResponseCodec.java:53)
at org.openqa.selenium.remote.HttpCommandExecutor.execute(HttpCommandExecutor.java:184)
at org.openqa.selenium.remote.service.DriverCommandExecutor.invokeExecute(DriverCommandExecutor.java:167)
at org.openqa.selenium.remote.service.DriverCommandExecutor.execute(DriverCommandExecutor.java:142)
at org.openqa.selenium.remote.RemoteWebDriver.execute(RemoteWebDriver.java:541)
at org.openqa.selenium.remote.RemoteWebElement.execute(RemoteWebElement.java:257)
at org.openqa.selenium.remote.RemoteWebElement.click(RemoteWebElement.java:78)
at sun.reflect.GeneratedMethodAccessor2.invoke(Unknown Source)
at sun.reflect.DelegatingMethodAccessorImpl.invoke(DelegatingMethodAccessorImpl.java:43)
at java.lang.reflect.Method.invoke(Method.java:498)
at org.openqa.selenium.support.pagefactory.internal.LocatingElementHandler.invoke(LocatingElementHandler.java:52)
at com.sun.proxy.$Proxy15.click(Unknown Source)
at com.xyz.utility.Utility.clickOnElement(Utility.java:50)
at com.xyz.pages.HomePage.clickOnCustomerLogin(HomePage.java:26)
at com.xyz.testsuite.BankTest.customerShouldWithdrawMoneySuccessfully(BankTest.java:80)
at sun.reflect.NativeMethodAccessorImpl.invoke0(Native Method)
at sun.reflect.NativeMethodAccessorImpl.invoke(NativeMethodAccessorImpl.java:62)
at sun.reflect.DelegatingMethodAccessorImpl.invoke(DelegatingMethodAccessorImpl.java:43)
at java.lang.reflect.Method.invoke(Method.java:498)
at org.testng.internal.invokers.MethodInvocationHelper.invokeMethod(MethodInvocationHelper.java:135)
at org.testng.internal.invokers.TestInvoker.invokeMethod(TestInvoker.java:673)
at org.testng.internal.invokers.TestInvoker.invokeTestMethod(TestInvoker.java:220)
at org.testng.internal.invokers.MethodRunner.runInSequence(MethodRunner.java:50)
at org.testng.internal.invokers.TestInvoker$MethodInvocationAgent.invoke(TestInvoker.java:945)
at org.testng.internal.invokers.TestInvoker.invokeTestMethods(TestInvoker.java:193)
at org.testng.internal.invokers.TestMethodWorker.invokeTestMethods(TestMethodWorker.java:146)
at org.testng.internal.invokers.TestMethodWorker.run(TestMethodWorker.java:128)
at java.util.ArrayList.forEach(ArrayList.java:1249)
at org.testng.TestRunner.privateRun(TestRunner.java:808)
at org.testng.TestRunner.run(TestRunner.java:603)
at org.testng.SuiteRunner.runTest(SuiteRunner.java:429)
at org.testng.SuiteRunner.runSequentially(SuiteRunner.java:423)
at org.testng.SuiteRunner.privateRun(SuiteRunner.java:383)
at org.testng.SuiteRunner.run(SuiteRunner.java:326)
at org.testng.SuiteRunnerWorker.runSuite(SuiteRunnerWorker.java:52)
at org.testng.SuiteRunnerWorker.run(SuiteRunnerWorker.java:95)
at org.testng.TestNG.runSuitesSequentially(TestNG.java:1249)
at org.testng.TestNG.runSuitesLocally(TestNG.java:1169)
at org.testng.TestNG.runSuites(TestNG.java:1092)
at org.testng.TestNG.run(TestNG.java:1060)
at com.intellij.rt.testng.IDEARemoteTestNG.run(IDEARemoteTestNG.java:66)
at com.intellij.rt.testng.RemoteTestNGStarter.main(RemoteTestNGStarter.java:109)
]]>
    </error>
  </testcase> <!-- customerShouldWithdrawMoneySuccessfully -->
  <system-out>
    <![CDATA[Click on bank manager login link[[ChromeDriver: chrome on WINDOWS (830cabbf9c95d52179daefd53fee689f)] -> xpath: //button[text()='Bank Manager Login']]
CLick on add customer tab[[ChromeDriver: chrome on WINDOWS (830cabbf9c95d52179daefd53fee689f)] -> xpath: //button[contains(text(),'Add Customer')]]
Enter first name [[ChromeDriver: chrome on WINDOWS (830cabbf9c95d52179daefd53fee689f)] -> xpath: //div[1]/input[1]]
Enter last name[[ChromeDriver: chrome on WINDOWS (830cabbf9c95d52179daefd53fee689f)] -> xpath: //input[@ng-model='lName']]
Enter postcode[[ChromeDriver: chrome on WINDOWS (830cabbf9c95d52179daefd53fee689f)] -> xpath: //input[@ng-model='postCd']]
Click on add to customer button[[ChromeDriver: chrome on WINDOWS (830cabbf9c95d52179daefd53fee689f)] -> xpath: //button[@type='submit']]
Get the text from alert
Click on ok button in alert
Click on open account tab[[ChromeDriver: chrome on WINDOWS (830cabbf9c95d52179daefd53fee689f)] -> xpath: //button[contains(text(),'Open Account')]]
Search customer name[[ChromeDriver: chrome on WINDOWS (830cabbf9c95d52179daefd53fee689f)] -> id: userSelect]
Select currency from dropdown[[ChromeDriver: chrome on WINDOWS (830cabbf9c95d52179daefd53fee689f)] -> id: currency]
Click on process button[[ChromeDriver: chrome on WINDOWS (830cabbf9c95d52179daefd53fee689f)] -> xpath: //button[contains(text(),'Process')]]
Get text from alert
CLick on ok in alert
Click on home button[[ChromeDriver: chrome on WINDOWS (830cabbf9c95d52179daefd53fee689f)] -> xpath: //button[text()='Home']]
Click on customer login link[[ChromeDriver: chrome on WINDOWS (830cabbf9c95d52179daefd53fee689f)] -> xpath: //button[contains(text(),'Customer Login')]]
Select your name[[ChromeDriver: chrome on WINDOWS (830cabbf9c95d52179daefd53fee689f)] -> id: userSelect]
Click on login button[[ChromeDriver: chrome on WINDOWS (830cabbf9c95d52179daefd53fee689f)] -> xpath: //button[text()='Login']]
Click on deposit tab[[ChromeDriver: chrome on WINDOWS (830cabbf9c95d52179daefd53fee689f)] -> xpath: //button[contains(text(),'Deposit')]]
Enter amount[[ChromeDriver: chrome on WINDOWS (830cabbf9c95d52179daefd53fee689f)] -> xpath: //input[@ng-model='amount']]
Click on deposit button[[ChromeDriver: chrome on WINDOWS (830cabbf9c95d52179daefd53fee689f)] -> xpath: //button[text()='Deposit']]
Get deposit successful message[[ChromeDriver: chrome on WINDOWS (830cabbf9c95d52179daefd53fee689f)] -> xpath: //span[text()='Deposit Successful']]
Click on home button[[ChromeDriver: chrome on WINDOWS (830cabbf9c95d52179daefd53fee689f)] -> xpath: //button[text()='Home']]
Click on customer login link[[ChromeDriver: chrome on WINDOWS (830cabbf9c95d52179daefd53fee689f)] -> xpath: //button[contains(text(),'Customer Login')]]
Click to see screenshot
<a target = "_blank" href=C:\Users\RAJ\IdeaProjects\xyz-bank-sw-5-factory-project-3-raj/test-output/html/customerShouldWithdrawMoneySuccessfullyTue_Dec_13_19_45_57_GMT_2022.jpg>Screenshot</a>
<br>
<br>
<a target = "_blank" href=C:\Users\RAJ\IdeaProjects\xyz-bank-sw-5-factory-project-3-raj/test-output/html/customerShouldWithdrawMoneySuccessfullyTue_Dec_13_19_45_57_GMT_2022.jpg><img src=C:\Users\RAJ\IdeaProjects\xyz-bank-sw-5-factory-project-3-raj/test-output/html/customerShouldWithdrawMoneySuccessfullyTue_Dec_13_19_45_57_GMT_2022.jpg height=200 width=200></img></a>]]>
  </system-out>
  <testcase name="customerShouldLoginAndLogoutSuccessfully" time="10.490" classname="com.xyz.testsuite.BankTest"/>
  <system-out>
    <![CDATA[Click on bank manager login link[[ChromeDriver: chrome on WINDOWS (e331ffe173fceffbd554fd49e3127642)] -> xpath: //button[text()='Bank Manager Login']]
CLick on add customer tab[[ChromeDriver: chrome on WINDOWS (e331ffe173fceffbd554fd49e3127642)] -> xpath: //button[contains(text(),'Add Customer')]]
Enter first name [[ChromeDriver: chrome on WINDOWS (e331ffe173fceffbd554fd49e3127642)] -> xpath: //div[1]/input[1]]
Enter last name[[ChromeDriver: chrome on WINDOWS (e331ffe173fceffbd554fd49e3127642)] -> xpath: //input[@ng-model='lName']]
Enter postcode[[ChromeDriver: chrome on WINDOWS (e331ffe173fceffbd554fd49e3127642)] -> xpath: //input[@ng-model='postCd']]
Click on add to customer button[[ChromeDriver: chrome on WINDOWS (e331ffe173fceffbd554fd49e3127642)] -> xpath: //button[@type='submit']]
Get the text from alert
Click on ok button in alert
Click on home button[[ChromeDriver: chrome on WINDOWS (e331ffe173fceffbd554fd49e3127642)] -> xpath: //button[text()='Home']]
Click on customer login link[[ChromeDriver: chrome on WINDOWS (e331ffe173fceffbd554fd49e3127642)] -> xpath: //button[contains(text(),'Customer Login')]]
Select your name[[ChromeDriver: chrome on WINDOWS (e331ffe173fceffbd554fd49e3127642)] -> id: userSelect]
Click on login button[[ChromeDriver: chrome on WINDOWS (e331ffe173fceffbd554fd49e3127642)] -> xpath: //button[text()='Login']]
Verify logout tabBy.xpath: //button[text()='Logout']
CLick on Logout button[[ChromeDriver: chrome on WINDOWS (e331ffe173fceffbd554fd49e3127642)] -> xpath: //button[text()='Logout']]
Verify your name text[[ChromeDriver: chrome on WINDOWS (e331ffe173fceffbd554fd49e3127642)] -> xpath: //label[text()='Your Name :']]]]>
  </system-out>
  <testcase name="bankManagerShouldAddCustomerSuccessfully" time="4.992" classname="com.xyz.testsuite.BankTest"/>
  <system-out>
    <![CDATA[Click on bank manager login link[[ChromeDriver: chrome on WINDOWS (c6bdc64e1ef2f68f2ca141f21cdfc970)] -> xpath: //button[text()='Bank Manager Login']]
CLick on add customer tab[[ChromeDriver: chrome on WINDOWS (c6bdc64e1ef2f68f2ca141f21cdfc970)] -> xpath: //button[contains(text(),'Add Customer')]]
Enter first name [[ChromeDriver: chrome on WINDOWS (c6bdc64e1ef2f68f2ca141f21cdfc970)] -> xpath: //div[1]/input[1]]
Enter last name[[ChromeDriver: chrome on WINDOWS (c6bdc64e1ef2f68f2ca141f21cdfc970)] -> xpath: //input[@ng-model='lName']]
Enter postcode[[ChromeDriver: chrome on WINDOWS (c6bdc64e1ef2f68f2ca141f21cdfc970)] -> xpath: //input[@ng-model='postCd']]
Click on add to customer button[[ChromeDriver: chrome on WINDOWS (c6bdc64e1ef2f68f2ca141f21cdfc970)] -> xpath: //button[@type='submit']]
Get the text from alert
Click on ok button in alert]]>
  </system-out>
</testsuite> <!-- com.xyz.testsuite.BankTest -->
